<?xml version="1.0" encoding="UTF-8"?>
<testsuite name="co.edu.unal.paralela.ReciprocalArraySumTest" time="24.779" tests="4" errors="0" skipped="0" failures="1">
  <properties>
    <property name="java.runtime.name" value="OpenJDK Runtime Environment"/>
    <property name="java.vm.version" value="21.0.5+11-Ubuntu-1ubuntu124.04"/>
    <property name="sun.boot.library.path" value="/usr/lib/jvm/java-21-openjdk-amd64/lib"/>
    <property name="maven.multiModuleProjectDirectory" value="/home/carlos/unal/202402/CPD/TALLERES/ejercicio_1"/>
    <property name="java.vm.vendor" value="Ubuntu"/>
    <property name="java.vendor.url" value="https://ubuntu.com/"/>
    <property name="guice.disable.misplaced.annotation.check" value="true"/>
    <property name="path.separator" value=":"/>
    <property name="java.vm.name" value="OpenJDK 64-Bit Server VM"/>
    <property name="user.country" value="US"/>
    <property name="sun.java.launcher" value="SUN_STANDARD"/>
    <property name="java.vm.specification.name" value="Java Virtual Machine Specification"/>
    <property name="user.dir" value="/home/carlos/unal/202402/CPD/TALLERES/ejercicio_1"/>
    <property name="java.vm.compressedOopsMode" value="Zero based"/>
    <property name="java.runtime.version" value="21.0.5+11-Ubuntu-1ubuntu124.04"/>
    <property name="os.arch" value="amd64"/>
    <property name="java.io.tmpdir" value="/tmp"/>
    <property name="line.separator" value="&#10;"/>
    <property name="java.vm.specification.vendor" value="Oracle Corporation"/>
    <property name="stderr.encoding" value="UTF-8"/>
    <property name="os.name" value="Linux"/>
    <property name="classworlds.conf" value="/opt/apache-maven-3.9.9/bin/m2.conf"/>
    <property name="sun.jnu.encoding" value="UTF-8"/>
    <property name="stdout.encoding" value="UTF-8"/>
    <property name="java.library.path" value="/usr/java/packages/lib:/usr/lib/x86_64-linux-gnu/jni:/lib/x86_64-linux-gnu:/usr/lib/x86_64-linux-gnu:/usr/lib/jni:/lib:/usr/lib"/>
    <property name="maven.conf" value="/opt/apache-maven-3.9.9/conf"/>
    <property name="jdk.debug" value="release"/>
    <property name="java.class.version" value="65.0"/>
    <property name="java.specification.name" value="Java Platform API Specification"/>
    <property name="sun.management.compiler" value="HotSpot 64-Bit Tiered Compilers"/>
    <property name="os.version" value="6.8.0-49-generic"/>
    <property name="library.jansi.path" value="/opt/apache-maven-3.9.9/lib/jansi-native"/>
    <property name="user.home" value="/home/carlos"/>
    <property name="user.timezone" value="America/Bogota"/>
    <property name="file.encoding" value="UTF-8"/>
    <property name="java.specification.version" value="21"/>
    <property name="user.name" value="carlos"/>
    <property name="java.class.path" value="/opt/apache-maven-3.9.9/boot/plexus-classworlds-2.8.0.jar"/>
    <property name="java.vm.specification.version" value="21"/>
    <property name="sun.arch.data.model" value="64"/>
    <property name="sun.java.command" value="org.codehaus.plexus.classworlds.launcher.Launcher test"/>
    <property name="java.home" value="/usr/lib/jvm/java-21-openjdk-amd64"/>
    <property name="user.language" value="en"/>
    <property name="java.specification.vendor" value="Oracle Corporation"/>
    <property name="java.vm.info" value="mixed mode, sharing"/>
    <property name="java.version" value="21.0.5"/>
    <property name="native.encoding" value="UTF-8"/>
    <property name="java.vendor" value="Ubuntu"/>
    <property name="maven.home" value="/opt/apache-maven-3.9.9"/>
    <property name="file.separator" value="/"/>
    <property name="java.version.date" value="2024-10-15"/>
    <property name="java.vendor.url.bug" value="https://bugs.launchpad.net/ubuntu/+source/openjdk-21"/>
    <property name="sun.io.unicode.encoding" value="UnicodeLittle"/>
    <property name="sun.cpu.endian" value="little"/>
  </properties>
  <testcase name="testParManyTaskTwoHundredMillion" classname="co.edu.unal.paralela.ReciprocalArraySumTest" time="12.524">
    <failure message="Se esperaba que la implmentación de muchas tareas en paralelo pudiera ejecutarse  9.600000x veces más rápido, pero solo alcanzo a mejorar la rapidez (speedup) 3.186047x veces" type="junit.framework.AssertionFailedError">junit.framework.AssertionFailedError: Se esperaba que la implmentación de muchas tareas en paralelo pudiera ejecutarse  9.600000x veces más rápido, pero solo alcanzo a mejorar la rapidez (speedup) 3.186047x veces
	at junit.framework.Assert.fail(Assert.java:47)
	at junit.framework.Assert.assertTrue(Assert.java:20)
	at co.edu.unal.paralela.ReciprocalArraySumTest.testParManyTaskTwoHundredMillion(ReciprocalArraySumTest.java:149)
</failure>
  </testcase>
  <testcase name="testParSimpleTwoMillion" classname="co.edu.unal.paralela.ReciprocalArraySumTest" time="0.12"/>
  <testcase name="testParManyTaskTwoMillion" classname="co.edu.unal.paralela.ReciprocalArraySumTest" time="0.117"/>
  <testcase name="testParSimpleTwoHundredMillion" classname="co.edu.unal.paralela.ReciprocalArraySumTest" time="12.018"/>
</testsuite>